<?xml version="1.0" encoding="UTF-8"?>
<!-- Generated by org.testng.reporters.JUnitXMLReporter -->
<testsuite hostname="LAPTOP-PKOJ9DQN" ignored="0" name="Conversion Test" tests="2" failures="0" timestamp="20 Sep 2020 19:48:18 GMT" time="3.151" errors="0">
  <testcase name="Json2ExcelConvertion" time="2.87" classname="com.briq.exercise.TC01_ConvertJSON2Excel"/>
  <testcase name="Excel2JsonConvertion" time="0.254" classname="com.briq.exercise.TC02_ConvertExcel2JSON"/>
</testsuite> <!-- Conversion Test -->
