<?xml version="1.0" encoding="UTF-8"?>
<testng-results skipped="0" failed="0" ignored="0" total="2" passed="2">
  <reporter-output>
  </reporter-output>
  <suite name="Briq Exercise" duration-ms="3151" started-at="2020-09-20T19:48:15Z" finished-at="2020-09-20T19:48:18Z">
    <groups>
    </groups>
    <test name="Conversion Test" duration-ms="3151" started-at="2020-09-20T19:48:15Z" finished-at="2020-09-20T19:48:18Z">
      <class name="com.briq.exercise.TC01_ConvertJSON2Excel">
        <test-method status="PASS" signature="Json2ExcelConvertion()[pri:0, instance:com.briq.exercise.TC01_ConvertJSON2Excel@f6c48ac]" name="Json2ExcelConvertion" duration-ms="2870" started-at="2020-09-21T01:18:15Z" finished-at="2020-09-21T01:18:18Z">
          <reporter-output>
          </reporter-output>
        </test-method> <!-- Json2ExcelConvertion -->
      </class> <!-- com.briq.exercise.TC01_ConvertJSON2Excel -->
      <class name="com.briq.exercise.TC02_ConvertExcel2JSON">
        <test-method status="PASS" signature="Excel2JsonConvertion()[pri:0, instance:com.briq.exercise.TC02_ConvertExcel2JSON@3abbfa04]" name="Excel2JsonConvertion" duration-ms="254" started-at="2020-09-21T01:18:18Z" finished-at="2020-09-21T01:18:18Z">
          <reporter-output>
          </reporter-output>
        </test-method> <!-- Excel2JsonConvertion -->
      </class> <!-- com.briq.exercise.TC02_ConvertExcel2JSON -->
    </test> <!-- Conversion Test -->
  </suite> <!-- Briq Exercise -->
</testng-results>
